TN:
SF:src\game\Game.js
FN:2,(anonymous_0)
FN:13,(anonymous_1)
FN:27,(anonymous_2)
FN:35,(anonymous_3)
FN:48,(anonymous_4)
FN:76,(anonymous_5)
FN:85,(anonymous_6)
FN:86,(anonymous_7)
FN:94,(anonymous_8)
FN:119,(anonymous_9)
FN:152,(anonymous_10)
FN:168,(anonymous_11)
FN:208,(anonymous_12)
FN:211,(anonymous_13)
FN:219,(anonymous_14)
FN:223,(anonymous_15)
FN:271,(anonymous_16)
FN:283,(anonymous_17)
FNF:18
FNH:14
FNDA:20,(anonymous_0)
FNDA:20,(anonymous_1)
FNDA:20,(anonymous_2)
FNDA:23,(anonymous_3)
FNDA:10,(anonymous_4)
FNDA:12,(anonymous_5)
FNDA:14,(anonymous_6)
FNDA:10,(anonymous_7)
FNDA:5,(anonymous_8)
FNDA:0,(anonymous_9)
FNDA:0,(anonymous_10)
FNDA:3,(anonymous_11)
FNDA:1,(anonymous_12)
FNDA:2,(anonymous_13)
FNDA:6,(anonymous_14)
FNDA:4,(anonymous_15)
FNDA:0,(anonymous_16)
FNDA:0,(anonymous_17)
DA:3,20
DA:4,20
DA:5,20
DA:6,20
DA:7,20
DA:8,20
DA:9,20
DA:10,20
DA:14,20
DA:15,20
DA:16,20
DA:18,20
DA:19,80
DA:20,1040
DA:24,20
DA:28,20
DA:29,1020
DA:30,1020
DA:32,20
DA:36,23
DA:37,1
DA:39,22
DA:45,22
DA:49,10
DA:51,10
DA:52,10
DA:54,10
DA:55,24
DA:56,4
DA:57,20
DA:58,4
DA:60,16
DA:65,10
DA:66,4
DA:67,3
DA:69,1
DA:73,10
DA:77,12
DA:80,10
DA:81,2
DA:85,14
DA:86,10
DA:87,8
DA:88,2
DA:91,6
DA:95,5
DA:97,4
DA:99,4
DA:100,8
DA:101,16
DA:102,16
DA:103,16
DA:104,16
DA:105,8
DA:109,8
DA:110,8
DA:111,8
DA:114,4
DA:115,4
DA:116,4
DA:120,0
DA:121,0
DA:123,0
DA:124,0
DA:126,0
DA:129,0
DA:130,0
DA:131,0
DA:132,0
DA:133,0
DA:137,0
DA:138,0
DA:139,0
DA:140,0
DA:144,0
DA:145,0
DA:146,0
DA:149,0
DA:153,0
DA:154,0
DA:156,0
DA:157,0
DA:159,0
DA:160,0
DA:163,0
DA:164,0
DA:165,0
DA:169,3
DA:172,3
DA:175,3
DA:176,0
DA:177,0
DA:178,0
DA:179,0
DA:182,0
DA:183,0
DA:187,3
DA:188,3
DA:189,3
DA:191,3
DA:192,1
DA:193,1
DA:194,1
DA:196,2
DA:200,2
DA:201,1
DA:202,1
DA:204,1
DA:210,1
DA:211,2
DA:213,1
DA:215,1
DA:216,1
DA:220,6
DA:224,4
DA:225,4
DA:227,4
DA:228,4
DA:231,4
DA:234,4
DA:235,4
DA:237,4
DA:238,1
DA:239,0
DA:240,0
DA:243,3
DA:244,0
DA:245,0
DA:246,0
DA:250,3
DA:251,3
DA:253,3
DA:254,1
DA:255,1
DA:256,0
DA:260,2
DA:261,2
DA:263,2
DA:264,2
DA:265,1
DA:266,1
DA:267,1
DA:268,0
DA:272,0
DA:283,0
DA:292,0
DA:296,1
LF:147
LH:104
BRDA:36,0,0,1
BRDA:36,0,1,22
BRDA:49,1,0,0
BRDA:49,1,1,10
BRDA:49,2,0,10
BRDA:49,2,1,10
BRDA:55,3,0,4
BRDA:55,3,1,20
BRDA:57,4,0,4
BRDA:57,4,1,16
BRDA:66,5,0,3
BRDA:66,5,1,1
BRDA:77,6,0,2
BRDA:77,6,1,10
BRDA:77,7,0,12
BRDA:77,7,1,12
BRDA:80,8,0,2
BRDA:80,8,1,8
BRDA:80,9,0,10
BRDA:80,9,1,4
BRDA:87,10,0,2
BRDA:87,10,1,6
BRDA:87,11,0,8
BRDA:87,11,1,2
BRDA:95,12,0,1
BRDA:95,12,1,4
BRDA:95,13,0,5
BRDA:95,13,1,4
BRDA:102,14,0,0
BRDA:102,14,1,16
BRDA:104,15,0,8
BRDA:104,15,1,8
BRDA:110,16,0,0
BRDA:110,16,1,8
BRDA:120,17,0,0
BRDA:120,17,1,0
BRDA:121,18,0,0
BRDA:121,18,1,0
BRDA:121,19,0,0
BRDA:121,19,1,0
BRDA:121,19,2,0
BRDA:124,20,0,0
BRDA:124,20,1,0
BRDA:130,21,0,0
BRDA:130,21,1,0
BRDA:137,22,0,0
BRDA:137,22,1,0
BRDA:144,23,0,0
BRDA:144,23,1,0
BRDA:145,24,0,0
BRDA:145,24,1,0
BRDA:153,25,0,0
BRDA:153,25,1,0
BRDA:154,26,0,0
BRDA:154,26,1,0
BRDA:154,27,0,0
BRDA:154,27,1,0
BRDA:157,28,0,0
BRDA:157,28,1,0
BRDA:159,29,0,0
BRDA:159,29,1,0
BRDA:169,30,0,0
BRDA:169,30,1,3
BRDA:175,31,0,0
BRDA:175,31,1,3
BRDA:176,32,0,0
BRDA:176,32,1,0
BRDA:191,33,0,1
BRDA:191,33,1,2
BRDA:200,34,0,1
BRDA:200,34,1,1
BRDA:213,35,0,0
BRDA:213,35,1,1
BRDA:213,36,0,1
BRDA:213,36,1,1
BRDA:220,37,0,6
BRDA:220,37,1,6
BRDA:220,37,2,1
BRDA:224,38,0,0
BRDA:224,38,1,4
BRDA:224,39,0,4
BRDA:224,39,1,4
BRDA:225,40,0,0
BRDA:225,40,1,4
BRDA:228,41,0,0
BRDA:228,41,1,4
BRDA:228,42,0,4
BRDA:228,42,1,4
BRDA:237,43,0,1
BRDA:237,43,1,3
BRDA:237,44,0,4
BRDA:237,44,1,3
BRDA:238,45,0,1
BRDA:238,45,1,0
BRDA:238,46,0,1
BRDA:238,46,1,1
BRDA:239,47,0,0
BRDA:239,47,1,0
BRDA:239,48,0,0
BRDA:239,48,1,0
BRDA:243,49,0,0
BRDA:243,49,1,3
BRDA:243,50,0,3
BRDA:243,50,1,3
BRDA:244,51,0,0
BRDA:244,51,1,0
BRDA:244,52,0,0
BRDA:244,52,1,0
BRDA:245,53,0,0
BRDA:245,53,1,0
BRDA:245,54,0,0
BRDA:245,54,1,0
BRDA:253,55,0,1
BRDA:253,55,1,2
BRDA:253,56,0,3
BRDA:253,56,1,3
BRDA:254,57,0,0
BRDA:254,57,1,1
BRDA:254,58,0,1
BRDA:254,58,1,0
BRDA:255,59,0,1
BRDA:255,59,1,0
BRDA:255,60,0,1
BRDA:255,60,1,1
BRDA:263,61,0,0
BRDA:263,61,1,2
BRDA:263,62,0,2
BRDA:263,62,1,1
BRDA:264,63,0,1
BRDA:264,63,1,1
BRDA:265,64,0,0
BRDA:265,64,1,1
BRDA:266,65,0,0
BRDA:266,65,1,1
BRDA:267,66,0,1
BRDA:267,66,1,0
BRDA:280,67,0,0
BRDA:280,67,1,0
BRDA:281,68,0,0
BRDA:281,68,1,0
BRDA:287,69,0,0
BRDA:287,69,1,0
BRDA:287,70,0,0
BRDA:287,70,1,0
BRDA:288,71,0,0
BRDA:288,71,1,0
BRDA:288,72,0,0
BRDA:288,72,1,0
BRF:148
BRH:77
end_of_record
